09.12.2025 - 20:55:59 - [TAB v5.3.2] Blocked attempt to add player ELBAUTIPAAAA into team Bauteros (expected team: 6ELBAUTIPAAAAA).
09.12.2025 - 20:56:02 - [TAB v5.3.2] Blocked attempt to add player potatosis into team Bauteros (expected team: 6potatosisA).
09.12.2025 - 21:07:45 - [TAB v5.3.2] Blocked attempt to add player ELBAUTIPAAAA into team Potateros (expected team: 6ELBAUTIPAAAAA).
09.12.2025 - 21:09:51 - [TAB v5.3.2] Blocked attempt to add player potatosis into team Potateros (expected team: 6potatosisA).
09.12.2025 - 21:50:46 - [TAB v5.3.2] Blocked attempt to add player potatosis into team potateros (expected team: 6potatosisA).
09.12.2025 - 21:53:28 - [TAB v5.3.2] Blocked attempt to add player ELBAUTIPAAAA into team potateros (expected team: 6ELBAUTIPAAAAA).
09.12.2025 - 21:53:42 - [TAB v5.3.2] Blocked attempt to add player potatosis into team potateros (expected team: 6potatosisA).
09.12.2025 - 21:54:28 - [TAB v5.3.2] Blocked attempt to add player potatosis into team HOLY (expected team: 6potatosisA).
09.12.2025 - 21:54:28 - [TAB v5.3.2] Blocked attempt to add player ELBAUTIPAAAA into team HOLY (expected team: 6ELBAUTIPAAAAA).
10.12.2025 - 00:14:40 - [TAB v5.3.2] Blocked attempt to add player potatosis into team HOLY (expected team: 6potatosisA).
10.12.2025 - 00:17:26 - [TAB v5.3.2] Blocked attempt to add player potatosis into team Potateros (expected team: 6potatosisA).
10.12.2025 - 00:17:34 - [TAB v5.3.2] Blocked attempt to add player potatosis into team Potaterossss (expected team: 6potatosisA).
10.12.2025 - 00:17:38 - [TAB v5.3.2] Blocked attempt to add player potatosis into team Potateros (expected team: 6potatosisA).
10.12.2025 - 00:43:52 - [TAB v5.3.2] Blocked attempt to add player ELBAUTIPAAAA into team Potateros (expected team: 6ELBAUTIPAAAAA).
10.12.2025 - 00:45:46 - [TAB v5.3.2] Blocked attempt to add player potatosis into team Potateros (expected team: 6potatosisA).
10.12.2025 - 00:45:46 - [TAB v5.3.2] Blocked attempt to add player ELBAUTIPAAAA into team Potateros (expected team: 6ELBAUTIPAAAAA).
10.12.2025 - 00:53:13 - [TAB v5.3.2] Blocked attempt to add player potatosis into team Chaketas (expected team: 6potatosisA).
10.12.2025 - 00:53:54 - [TAB v5.3.2] Blocked attempt to add player ELBAUTIPAAAA into team MEDELLIN (expected team: 6ELBAUTIPAAAAA).
10.12.2025 - 00:53:59 - [TAB v5.3.2] Blocked attempt to add player potatosis into team Chaketas (expected team: 6potatosisA).
10.12.2025 - 00:54:15 - [TAB v5.3.2] Blocked attempt to add player ELBAUTIPAAAA into team MEDELLIN (expected team: 6ELBAUTIPAAAAA).
10.12.2025 - 02:02:12 - [TAB v5.3.2] Blocked attempt to add player potatosis into team MEDELLIN1 (expected team: 6potatosisA).
10.12.2025 - 02:11:47 - [TAB v5.3.2] Blocked attempt to add player dilexgame into team CHAKS (expected team: 6dilexgameA).
10.12.2025 - 02:49:46 - [TAB v5.3.2] Blocked attempt to add player potatosis into team MEDELLIN1 (expected team: 6potatosisA).
10.12.2025 - 02:49:46 - [TAB v5.3.2] Blocked attempt to add player dilexgame into team CHAKS (expected team: 6dilexgameA).
10.12.2025 - 03:11:19 - [TAB v5.3.2] Blocked attempt to add player potatosis into team MEDELLIN1 (expected team: 6potatosisA).
10.12.2025 - 03:11:20 - [TAB v5.3.2] Blocked attempt to add player dilexgame into team CHAKS (expected team: 6dilexgameA).
10.12.2025 - 03:11:50 - [TAB v5.3.2] Blocked attempt to add player potatosis into team Potatosis (expected team: 6potatosisA).
10.12.2025 - 03:14:13 - [TAB v5.3.2] Blocked attempt to add player dilexgame into team CHAKS (expected team: 6dilexgameA).
10.12.2025 - 03:14:29 - [TAB v5.3.2] Blocked attempt to add player potatosis into team Potatosis (expected team: 6potatosisA).
10.12.2025 - 03:14:59 - [TAB v5.3.2] Blocked attempt to add player dilexgame into team CHAKS (expected team: 6dilexgameA).
10.12.2025 - 03:15:02 - [TAB v5.3.2] Blocked attempt to add player potatosis into team Potatosis (expected team: 6potatosisA).
10.12.2025 - 03:15:45 - [TAB v5.3.2] Blocked attempt to add player dilexgame into team CHAKS (expected team: 6dilexgameA).
10.12.2025 - 03:15:47 - [TAB v5.3.2] Blocked attempt to add player potatosis into team Potatosis (expected team: 6potatosisA).
10.12.2025 - 03:58:25 - [TAB v5.3.2] Blocked attempt to add player potatosis into team Potatosis (expected team: 6potatosisA).
10.12.2025 - 04:02:18 - [TAB v5.3.2] Blocked attempt to add player dilexgame into team CHAKS (expected team: 6dilexgameA).
10.12.2025 - 04:18:05 - [TAB v5.3.2] Blocked attempt to add player potatosis into team LOLERO (expected team: 6potatosisA).
10.12.2025 - 04:19:09 - [TAB v5.3.2] Blocked attempt to add player potatosis into team asss (expected team: 6potatosisA).
10.12.2025 - 04:19:27 - [TAB v5.3.2] Blocked attempt to add player dilexgame into team CHAKS (expected team: 6dilexgameA).
10.12.2025 - 04:19:36 - [TAB v5.3.2] Blocked attempt to add player potatosis into team asaa (expected team: 6potatosisA).
10.12.2025 - 04:21:28 - [TAB v5.3.2] Blocked attempt to add player dilexgame into team CHAKS (expected team: 6dilexgameA).
10.12.2025 - 04:21:35 - [TAB v5.3.2] Blocked attempt to add player potatosis into team lola (expected team: 6potatosisA).
10.12.2025 - 04:21:43 - [TAB v5.3.2] Blocked attempt to add player dilexgame into team CHAKS (expected team: 6dilexgameA).
10.12.2025 - 04:21:52 - [TAB v5.3.2] Blocked attempt to add player potatosis into team aasaa (expected team: 6potatosisA).
10.12.2025 - 04:22:20 - [TAB v5.3.2] Blocked attempt to add player dilexgame into team CHAKS (expected team: 6dilexgameA).
10.12.2025 - 04:51:03 - [TAB v5.3.2] Blocked attempt to add player potatosis into team loleros (expected team: 6potatosisA).
10.12.2025 - 05:12:52 - [TAB v5.3.2] Blocked attempt to add player potatosis into team potatoes (expected team: 6potatosisA).
10.12.2025 - 07:24:14 - [TAB v5.3.2] Blocked attempt to add player dilexgame into team CHAKS (expected team: 6dilexgameA).
10.12.2025 - 12:35:55 - [TAB v5.3.2] Blocked attempt to add player dilexgame into team CHAKS (expected team: 6dilexgameA).
10.12.2025 - 19:10:17 - [TAB v5.3.2] Blocked attempt to add player potatosis into team potatoes (expected team: 6potatosisA).
10.12.2025 - 21:16:01 - [TAB v5.3.2] Blocked attempt to add player potatosis into team potatoes (expected team: 6potatosisA).
10.12.2025 - 21:29:12 - [TAB v5.3.2] Blocked attempt to add player potatosis into team potatoes (expected team: 6potatosisA).
11.12.2025 - 01:59:21 - [TAB v5.3.2] Blocked attempt to add player potatosis into team potatoes (expected team: 6potatosisA).
11.12.2025 - 20:35:29 - [TAB v5.3.2] Blocked attempt to add player potatosis into team potatoes (expected team: 6potatosisA).
11.12.2025 - 20:49:07 - [TAB v5.3.2] Blocked attempt to add player ELBAUTIPAAAA into team MEDELLIN1 (expected team: 6ELBAUTIPAAAAA).
11.12.2025 - 21:16:25 - [TAB v5.3.2] Blocked attempt to add player potatosis into team potatoes (expected team: 6potatosisA).
11.12.2025 - 21:16:27 - [TAB v5.3.2] Blocked attempt to add player ELBAUTIPAAAA into team MEDELLIN1 (expected team: 6ELBAUTIPAAAAA).
11.12.2025 - 21:20:48 - [TAB v5.3.2] Blocked attempt to add player ELBAUTIPAAAA into team MEDELLIN1 (expected team: 6ELBAUTIPAAAAA).
11.12.2025 - 21:20:50 - [TAB v5.3.2] Blocked attempt to add player potatosis into team potatoes (expected team: 6potatosisA).
11.12.2025 - 21:29:13 - [TAB v5.3.2] Blocked attempt to add player potatosis into team potatoes (expected team: 6potatosisA).
11.12.2025 - 21:30:25 - [TAB v5.3.2] Blocked attempt to add player ELBAUTIPAAAA into team MEDELLIN1 (expected team: 6ELBAUTIPAAAAA).
11.12.2025 - 23:25:18 - [TAB v5.3.2] Blocked attempt to add player potatosis into team potatoes (expected team: 6potatosisA).
11.12.2025 - 23:25:39 - [TAB v5.3.2] Blocked attempt to add player ELBAUTIPAAAA into team MEDELLIN1 (expected team: 6ELBAUTIPAAAAA).
11.12.2025 - 23:27:07 - [TAB v5.3.2] Blocked attempt to add player potatosis into team potatoes (expected team: 6potatosisA).
11.12.2025 - 23:27:23 - [TAB v5.3.2] Blocked attempt to add player ELBAUTIPAAAA into team MEDELLIN1 (expected team: 6ELBAUTIPAAAAA).
11.12.2025 - 23:27:57 - [TAB v5.3.2] Blocked attempt to add player potatosis into team potatoes (expected team: 6potatosisA).
11.12.2025 - 23:28:30 - [TAB v5.3.2] Blocked attempt to add player ELBAUTIPAAAA into team MEDELLIN1 (expected team: 6ELBAUTIPAAAAA).
12.12.2025 - 20:07:46 - [TAB v5.3.2] Blocked attempt to add player potatosis into team potatoes (expected team: 6potatosisA).
