10.12.2025 - 00:27:40 - [TAB v5.3.2] Player placeholder %betterteams_name% generated an error when setting for player potatosis
10.12.2025 - 00:27:40 - java.lang.NullPointerException: Cannot invoke "com.booksaw.betterTeams.team.TeamManager.getTeam(org.bukkit.OfflinePlayer)" because "com.booksaw.betterTeams.Team.TEAMMANAGER" is null
10.12.2025 - 00:27:40 - 	at BetterTeams-4.15.2.jar//com.booksaw.betterTeams.Team.getTeam(Team.java:83)
10.12.2025 - 00:27:40 - 	at BetterTeams-4.15.2.jar//com.booksaw.betterTeams.integrations.placeholder.TeamPlaceholders.onPlaceholderRequest(TeamPlaceholders.java:80)
10.12.2025 - 00:27:40 - 	at PlaceholderAPI-2.11.7.jar//me.clip.placeholderapi.PlaceholderHook.onRequest(PlaceholderHook.java:32)
10.12.2025 - 00:27:40 - 	at PlaceholderAPI-2.11.7.jar//me.clip.placeholderapi.replacer.CharsReplacer.apply(CharsReplacer.java:119)
10.12.2025 - 00:27:40 - 	at PlaceholderAPI-2.11.7.jar//me.clip.placeholderapi.PlaceholderAPI.setPlaceholders(PlaceholderAPI.java:71)
10.12.2025 - 00:27:40 - 	at PlaceholderAPI-2.11.7.jar//me.clip.placeholderapi.PlaceholderAPI.setPlaceholders(PlaceholderAPI.java:99)
10.12.2025 - 00:27:40 - 	at TAB v5.3.2.jar//me.neznamy.tab.platforms.bukkit.platform.BukkitPlatform.lambda$registerUnknownPlaceholder$6(BukkitPlatform.java:238)
10.12.2025 - 00:27:40 - 	at TAB v5.3.2.jar//me.neznamy.tab.shared.placeholders.types.PlayerPlaceholderImpl.request(PlayerPlaceholderImpl.java:153)
10.12.2025 - 00:27:40 - 	at TAB v5.3.2.jar//me.neznamy.tab.shared.placeholders.PlaceholderRefreshTask.run(PlaceholderRefreshTask.java:59)
10.12.2025 - 00:27:40 - 	at TAB v5.3.2.jar//me.neznamy.tab.shared.features.PlaceholderManagerImpl.lambda$refresh$1(PlaceholderManagerImpl.java:93)
10.12.2025 - 00:27:40 - 	at TAB v5.3.2.jar//me.neznamy.tab.shared.cpu.TimedCaughtTask.run(TimedCaughtTask.java:28)
10.12.2025 - 00:27:40 - 	at java.base/java.util.concurrent.Executors$RunnableAdapter.call(Executors.java:572)
10.12.2025 - 00:27:40 - 	at java.base/java.util.concurrent.FutureTask.run(FutureTask.java:317)
10.12.2025 - 00:27:40 - 	at java.base/java.util.concurrent.ScheduledThreadPoolExecutor$ScheduledFutureTask.run(ScheduledThreadPoolExecutor.java:304)
10.12.2025 - 00:27:40 - 	at java.base/java.util.concurrent.ThreadPoolExecutor.runWorker(ThreadPoolExecutor.java:1144)
10.12.2025 - 00:27:40 - 	at java.base/java.util.concurrent.ThreadPoolExecutor$Worker.run(ThreadPoolExecutor.java:642)
10.12.2025 - 00:27:40 - 	at java.base/java.lang.Thread.run(Thread.java:1583)
10.12.2025 - 03:47:17 - [TAB v5.3.2] Player placeholder %betterteams_color% generated an error when setting for player potatosis
10.12.2025 - 03:47:17 - java.lang.NullPointerException: Cannot invoke "com.booksaw.betterTeams.team.TeamManager.getTeam(org.bukkit.OfflinePlayer)" because "com.booksaw.betterTeams.Team.TEAMMANAGER" is null
10.12.2025 - 03:47:17 - 	at BetterTeams-4.15.2.jar//com.booksaw.betterTeams.Team.getTeam(Team.java:83)
10.12.2025 - 03:47:17 - 	at BetterTeams-4.15.2.jar//com.booksaw.betterTeams.integrations.placeholder.TeamPlaceholders.onPlaceholderRequest(TeamPlaceholders.java:80)
10.12.2025 - 03:47:17 - 	at PlaceholderAPI-2.11.7.jar//me.clip.placeholderapi.PlaceholderHook.onRequest(PlaceholderHook.java:32)
10.12.2025 - 03:47:17 - 	at PlaceholderAPI-2.11.7.jar//me.clip.placeholderapi.replacer.CharsReplacer.apply(CharsReplacer.java:119)
10.12.2025 - 03:47:17 - 	at PlaceholderAPI-2.11.7.jar//me.clip.placeholderapi.PlaceholderAPI.setPlaceholders(PlaceholderAPI.java:71)
10.12.2025 - 03:47:17 - 	at PlaceholderAPI-2.11.7.jar//me.clip.placeholderapi.PlaceholderAPI.setPlaceholders(PlaceholderAPI.java:99)
10.12.2025 - 03:47:17 - 	at TAB v5.3.2.jar//me.neznamy.tab.platforms.bukkit.platform.BukkitPlatform.lambda$registerUnknownPlaceholder$6(BukkitPlatform.java:238)
10.12.2025 - 03:47:17 - 	at TAB v5.3.2.jar//me.neznamy.tab.shared.placeholders.types.PlayerPlaceholderImpl.request(PlayerPlaceholderImpl.java:153)
10.12.2025 - 03:47:17 - 	at TAB v5.3.2.jar//me.neznamy.tab.shared.placeholders.PlaceholderRefreshTask.run(PlaceholderRefreshTask.java:59)
10.12.2025 - 03:47:17 - 	at TAB v5.3.2.jar//me.neznamy.tab.shared.features.PlaceholderManagerImpl.lambda$refresh$1(PlaceholderManagerImpl.java:93)
10.12.2025 - 03:47:17 - 	at TAB v5.3.2.jar//me.neznamy.tab.shared.cpu.TimedCaughtTask.run(TimedCaughtTask.java:28)
10.12.2025 - 03:47:17 - 	at java.base/java.util.concurrent.Executors$RunnableAdapter.call(Executors.java:572)
10.12.2025 - 03:47:17 - 	at java.base/java.util.concurrent.FutureTask.run(FutureTask.java:317)
10.12.2025 - 03:47:17 - 	at java.base/java.util.concurrent.ScheduledThreadPoolExecutor$ScheduledFutureTask.run(ScheduledThreadPoolExecutor.java:304)
10.12.2025 - 03:47:17 - 	at java.base/java.util.concurrent.ThreadPoolExecutor.runWorker(ThreadPoolExecutor.java:1144)
10.12.2025 - 03:47:17 - 	at java.base/java.util.concurrent.ThreadPoolExecutor$Worker.run(ThreadPoolExecutor.java:642)
10.12.2025 - 03:47:17 - 	at java.base/java.lang.Thread.run(Thread.java:1583)
10.12.2025 - 03:47:17 - [TAB v5.3.2] Player placeholder %betterteams_color% generated an error when setting for player dilexgame
10.12.2025 - 03:47:17 - java.lang.NullPointerException: Cannot invoke "com.booksaw.betterTeams.team.TeamManager.getTeam(org.bukkit.OfflinePlayer)" because "com.booksaw.betterTeams.Team.TEAMMANAGER" is null
10.12.2025 - 03:47:17 - 	at BetterTeams-4.15.2.jar//com.booksaw.betterTeams.Team.getTeam(Team.java:83)
10.12.2025 - 03:47:17 - 	at BetterTeams-4.15.2.jar//com.booksaw.betterTeams.integrations.placeholder.TeamPlaceholders.onPlaceholderRequest(TeamPlaceholders.java:80)
10.12.2025 - 03:47:17 - 	at PlaceholderAPI-2.11.7.jar//me.clip.placeholderapi.PlaceholderHook.onRequest(PlaceholderHook.java:32)
10.12.2025 - 03:47:17 - 	at PlaceholderAPI-2.11.7.jar//me.clip.placeholderapi.replacer.CharsReplacer.apply(CharsReplacer.java:119)
10.12.2025 - 03:47:17 - 	at PlaceholderAPI-2.11.7.jar//me.clip.placeholderapi.PlaceholderAPI.setPlaceholders(PlaceholderAPI.java:71)
10.12.2025 - 03:47:17 - 	at PlaceholderAPI-2.11.7.jar//me.clip.placeholderapi.PlaceholderAPI.setPlaceholders(PlaceholderAPI.java:99)
10.12.2025 - 03:47:17 - 	at TAB v5.3.2.jar//me.neznamy.tab.platforms.bukkit.platform.BukkitPlatform.lambda$registerUnknownPlaceholder$6(BukkitPlatform.java:238)
10.12.2025 - 03:47:17 - 	at TAB v5.3.2.jar//me.neznamy.tab.shared.placeholders.types.PlayerPlaceholderImpl.request(PlayerPlaceholderImpl.java:153)
10.12.2025 - 03:47:17 - 	at TAB v5.3.2.jar//me.neznamy.tab.shared.placeholders.PlaceholderRefreshTask.run(PlaceholderRefreshTask.java:59)
10.12.2025 - 03:47:17 - 	at TAB v5.3.2.jar//me.neznamy.tab.shared.features.PlaceholderManagerImpl.lambda$refresh$1(PlaceholderManagerImpl.java:93)
10.12.2025 - 03:47:17 - 	at TAB v5.3.2.jar//me.neznamy.tab.shared.cpu.TimedCaughtTask.run(TimedCaughtTask.java:28)
10.12.2025 - 03:47:17 - 	at java.base/java.util.concurrent.Executors$RunnableAdapter.call(Executors.java:572)
10.12.2025 - 03:47:17 - 	at java.base/java.util.concurrent.FutureTask.run(FutureTask.java:317)
10.12.2025 - 03:47:17 - 	at java.base/java.util.concurrent.ScheduledThreadPoolExecutor$ScheduledFutureTask.run(ScheduledThreadPoolExecutor.java:304)
10.12.2025 - 03:47:17 - 	at java.base/java.util.concurrent.ThreadPoolExecutor.runWorker(ThreadPoolExecutor.java:1144)
10.12.2025 - 03:47:17 - 	at java.base/java.util.concurrent.ThreadPoolExecutor$Worker.run(ThreadPoolExecutor.java:642)
10.12.2025 - 03:47:17 - 	at java.base/java.lang.Thread.run(Thread.java:1583)
10.12.2025 - 03:47:17 - [TAB v5.3.2] Player placeholder %betterteams_name% generated an error when setting for player potatosis
10.12.2025 - 03:47:17 - java.lang.NullPointerException: Cannot invoke "com.booksaw.betterTeams.team.TeamManager.getTeam(org.bukkit.OfflinePlayer)" because "com.booksaw.betterTeams.Team.TEAMMANAGER" is null
10.12.2025 - 03:47:17 - 	at BetterTeams-4.15.2.jar//com.booksaw.betterTeams.Team.getTeam(Team.java:83)
10.12.2025 - 03:47:17 - 	at BetterTeams-4.15.2.jar//com.booksaw.betterTeams.integrations.placeholder.TeamPlaceholders.onPlaceholderRequest(TeamPlaceholders.java:80)
10.12.2025 - 03:47:17 - 	at PlaceholderAPI-2.11.7.jar//me.clip.placeholderapi.PlaceholderHook.onRequest(PlaceholderHook.java:32)
10.12.2025 - 03:47:17 - 	at PlaceholderAPI-2.11.7.jar//me.clip.placeholderapi.replacer.CharsReplacer.apply(CharsReplacer.java:119)
10.12.2025 - 03:47:17 - 	at PlaceholderAPI-2.11.7.jar//me.clip.placeholderapi.PlaceholderAPI.setPlaceholders(PlaceholderAPI.java:71)
10.12.2025 - 03:47:17 - 	at PlaceholderAPI-2.11.7.jar//me.clip.placeholderapi.PlaceholderAPI.setPlaceholders(PlaceholderAPI.java:99)
10.12.2025 - 03:47:17 - 	at TAB v5.3.2.jar//me.neznamy.tab.platforms.bukkit.platform.BukkitPlatform.lambda$registerUnknownPlaceholder$6(BukkitPlatform.java:238)
10.12.2025 - 03:47:17 - 	at TAB v5.3.2.jar//me.neznamy.tab.shared.placeholders.types.PlayerPlaceholderImpl.request(PlayerPlaceholderImpl.java:153)
10.12.2025 - 03:47:17 - 	at TAB v5.3.2.jar//me.neznamy.tab.shared.placeholders.PlaceholderRefreshTask.run(PlaceholderRefreshTask.java:59)
10.12.2025 - 03:47:17 - 	at TAB v5.3.2.jar//me.neznamy.tab.shared.features.PlaceholderManagerImpl.lambda$refresh$1(PlaceholderManagerImpl.java:93)
10.12.2025 - 03:47:17 - 	at TAB v5.3.2.jar//me.neznamy.tab.shared.cpu.TimedCaughtTask.run(TimedCaughtTask.java:28)
10.12.2025 - 03:47:17 - 	at java.base/java.util.concurrent.Executors$RunnableAdapter.call(Executors.java:572)
10.12.2025 - 03:47:17 - 	at java.base/java.util.concurrent.FutureTask.run(FutureTask.java:317)
10.12.2025 - 03:47:17 - 	at java.base/java.util.concurrent.ScheduledThreadPoolExecutor$ScheduledFutureTask.run(ScheduledThreadPoolExecutor.java:304)
10.12.2025 - 03:47:17 - 	at java.base/java.util.concurrent.ThreadPoolExecutor.runWorker(ThreadPoolExecutor.java:1144)
10.12.2025 - 03:47:17 - 	at java.base/java.util.concurrent.ThreadPoolExecutor$Worker.run(ThreadPoolExecutor.java:642)
10.12.2025 - 03:47:17 - 	at java.base/java.lang.Thread.run(Thread.java:1583)
10.12.2025 - 03:47:17 - [TAB v5.3.2] Player placeholder %betterteams_name% generated an error when setting for player dilexgame
10.12.2025 - 03:47:17 - java.lang.NullPointerException: Cannot invoke "com.booksaw.betterTeams.team.TeamManager.getTeam(org.bukkit.OfflinePlayer)" because "com.booksaw.betterTeams.Team.TEAMMANAGER" is null
10.12.2025 - 03:47:17 - 	at BetterTeams-4.15.2.jar//com.booksaw.betterTeams.Team.getTeam(Team.java:83)
10.12.2025 - 03:47:17 - 	at BetterTeams-4.15.2.jar//com.booksaw.betterTeams.integrations.placeholder.TeamPlaceholders.onPlaceholderRequest(TeamPlaceholders.java:80)
10.12.2025 - 03:47:17 - 	at PlaceholderAPI-2.11.7.jar//me.clip.placeholderapi.PlaceholderHook.onRequest(PlaceholderHook.java:32)
10.12.2025 - 03:47:17 - 	at PlaceholderAPI-2.11.7.jar//me.clip.placeholderapi.replacer.CharsReplacer.apply(CharsReplacer.java:119)
10.12.2025 - 03:47:17 - 	at PlaceholderAPI-2.11.7.jar//me.clip.placeholderapi.PlaceholderAPI.setPlaceholders(PlaceholderAPI.java:71)
10.12.2025 - 03:47:17 - 	at PlaceholderAPI-2.11.7.jar//me.clip.placeholderapi.PlaceholderAPI.setPlaceholders(PlaceholderAPI.java:99)
10.12.2025 - 03:47:17 - 	at TAB v5.3.2.jar//me.neznamy.tab.platforms.bukkit.platform.BukkitPlatform.lambda$registerUnknownPlaceholder$6(BukkitPlatform.java:238)
10.12.2025 - 03:47:17 - 	at TAB v5.3.2.jar//me.neznamy.tab.shared.placeholders.types.PlayerPlaceholderImpl.request(PlayerPlaceholderImpl.java:153)
10.12.2025 - 03:47:17 - 	at TAB v5.3.2.jar//me.neznamy.tab.shared.placeholders.PlaceholderRefreshTask.run(PlaceholderRefreshTask.java:59)
10.12.2025 - 03:47:17 - 	at TAB v5.3.2.jar//me.neznamy.tab.shared.features.PlaceholderManagerImpl.lambda$refresh$1(PlaceholderManagerImpl.java:93)
10.12.2025 - 03:47:17 - 	at TAB v5.3.2.jar//me.neznamy.tab.shared.cpu.TimedCaughtTask.run(TimedCaughtTask.java:28)
10.12.2025 - 03:47:17 - 	at java.base/java.util.concurrent.Executors$RunnableAdapter.call(Executors.java:572)
10.12.2025 - 03:47:17 - 	at java.base/java.util.concurrent.FutureTask.run(FutureTask.java:317)
10.12.2025 - 03:47:17 - 	at java.base/java.util.concurrent.ScheduledThreadPoolExecutor$ScheduledFutureTask.run(ScheduledThreadPoolExecutor.java:304)
10.12.2025 - 03:47:17 - 	at java.base/java.util.concurrent.ThreadPoolExecutor.runWorker(ThreadPoolExecutor.java:1144)
10.12.2025 - 03:47:17 - 	at java.base/java.util.concurrent.ThreadPoolExecutor$Worker.run(ThreadPoolExecutor.java:642)
10.12.2025 - 03:47:17 - 	at java.base/java.lang.Thread.run(Thread.java:1583)
10.12.2025 - 03:47:18 - [TAB v5.3.2] Player placeholder %betterteams_color% generated an error when setting for player potatosis
10.12.2025 - 03:47:18 - java.lang.NullPointerException: Cannot invoke "com.booksaw.betterTeams.team.TeamManager.getTeam(org.bukkit.OfflinePlayer)" because "com.booksaw.betterTeams.Team.TEAMMANAGER" is null
10.12.2025 - 03:47:18 - 	at BetterTeams-4.15.2.jar//com.booksaw.betterTeams.Team.getTeam(Team.java:83)
10.12.2025 - 03:47:18 - 	at BetterTeams-4.15.2.jar//com.booksaw.betterTeams.integrations.placeholder.TeamPlaceholders.onPlaceholderRequest(TeamPlaceholders.java:80)
10.12.2025 - 03:47:18 - 	at PlaceholderAPI-2.11.7.jar//me.clip.placeholderapi.PlaceholderHook.onRequest(PlaceholderHook.java:32)
10.12.2025 - 03:47:18 - 	at PlaceholderAPI-2.11.7.jar//me.clip.placeholderapi.replacer.CharsReplacer.apply(CharsReplacer.java:119)
10.12.2025 - 03:47:18 - 	at PlaceholderAPI-2.11.7.jar//me.clip.placeholderapi.PlaceholderAPI.setPlaceholders(PlaceholderAPI.java:71)
10.12.2025 - 03:47:18 - 	at PlaceholderAPI-2.11.7.jar//me.clip.placeholderapi.PlaceholderAPI.setPlaceholders(PlaceholderAPI.java:99)
10.12.2025 - 03:47:18 - 	at TAB v5.3.2.jar//me.neznamy.tab.platforms.bukkit.platform.BukkitPlatform.lambda$registerUnknownPlaceholder$6(BukkitPlatform.java:238)
10.12.2025 - 03:47:18 - 	at TAB v5.3.2.jar//me.neznamy.tab.shared.placeholders.types.PlayerPlaceholderImpl.request(PlayerPlaceholderImpl.java:153)
10.12.2025 - 03:47:18 - 	at TAB v5.3.2.jar//me.neznamy.tab.shared.placeholders.PlaceholderRefreshTask.run(PlaceholderRefreshTask.java:59)
10.12.2025 - 03:47:18 - 	at TAB v5.3.2.jar//me.neznamy.tab.shared.features.PlaceholderManagerImpl.lambda$refresh$1(PlaceholderManagerImpl.java:93)
10.12.2025 - 03:47:18 - 	at TAB v5.3.2.jar//me.neznamy.tab.shared.cpu.TimedCaughtTask.run(TimedCaughtTask.java:28)
10.12.2025 - 03:47:18 - 	at java.base/java.util.concurrent.Executors$RunnableAdapter.call(Executors.java:572)
10.12.2025 - 03:47:18 - 	at java.base/java.util.concurrent.FutureTask.run(FutureTask.java:317)
10.12.2025 - 03:47:18 - 	at java.base/java.util.concurrent.ScheduledThreadPoolExecutor$ScheduledFutureTask.run(ScheduledThreadPoolExecutor.java:304)
10.12.2025 - 03:47:18 - 	at java.base/java.util.concurrent.ThreadPoolExecutor.runWorker(ThreadPoolExecutor.java:1144)
10.12.2025 - 03:47:18 - 	at java.base/java.util.concurrent.ThreadPoolExecutor$Worker.run(ThreadPoolExecutor.java:642)
10.12.2025 - 03:47:18 - 	at java.base/java.lang.Thread.run(Thread.java:1583)
10.12.2025 - 03:47:18 - [TAB v5.3.2] Player placeholder %betterteams_color% generated an error when setting for player dilexgame
10.12.2025 - 03:47:18 - java.lang.NullPointerException: Cannot invoke "com.booksaw.betterTeams.team.TeamManager.getTeam(org.bukkit.OfflinePlayer)" because "com.booksaw.betterTeams.Team.TEAMMANAGER" is null
10.12.2025 - 03:47:18 - 	at BetterTeams-4.15.2.jar//com.booksaw.betterTeams.Team.getTeam(Team.java:83)
10.12.2025 - 03:47:18 - 	at BetterTeams-4.15.2.jar//com.booksaw.betterTeams.integrations.placeholder.TeamPlaceholders.onPlaceholderRequest(TeamPlaceholders.java:80)
10.12.2025 - 03:47:18 - 	at PlaceholderAPI-2.11.7.jar//me.clip.placeholderapi.PlaceholderHook.onRequest(PlaceholderHook.java:32)
10.12.2025 - 03:47:18 - 	at PlaceholderAPI-2.11.7.jar//me.clip.placeholderapi.replacer.CharsReplacer.apply(CharsReplacer.java:119)
10.12.2025 - 03:47:18 - 	at PlaceholderAPI-2.11.7.jar//me.clip.placeholderapi.PlaceholderAPI.setPlaceholders(PlaceholderAPI.java:71)
10.12.2025 - 03:47:18 - 	at PlaceholderAPI-2.11.7.jar//me.clip.placeholderapi.PlaceholderAPI.setPlaceholders(PlaceholderAPI.java:99)
10.12.2025 - 03:47:18 - 	at TAB v5.3.2.jar//me.neznamy.tab.platforms.bukkit.platform.BukkitPlatform.lambda$registerUnknownPlaceholder$6(BukkitPlatform.java:238)
10.12.2025 - 03:47:18 - 	at TAB v5.3.2.jar//me.neznamy.tab.shared.placeholders.types.PlayerPlaceholderImpl.request(PlayerPlaceholderImpl.java:153)
10.12.2025 - 03:47:18 - 	at TAB v5.3.2.jar//me.neznamy.tab.shared.placeholders.PlaceholderRefreshTask.run(PlaceholderRefreshTask.java:59)
10.12.2025 - 03:47:18 - 	at TAB v5.3.2.jar//me.neznamy.tab.shared.features.PlaceholderManagerImpl.lambda$refresh$1(PlaceholderManagerImpl.java:93)
10.12.2025 - 03:47:18 - 	at TAB v5.3.2.jar//me.neznamy.tab.shared.cpu.TimedCaughtTask.run(TimedCaughtTask.java:28)
10.12.2025 - 03:47:18 - 	at java.base/java.util.concurrent.Executors$RunnableAdapter.call(Executors.java:572)
10.12.2025 - 03:47:18 - 	at java.base/java.util.concurrent.FutureTask.run(FutureTask.java:317)
10.12.2025 - 03:47:18 - 	at java.base/java.util.concurrent.ScheduledThreadPoolExecutor$ScheduledFutureTask.run(ScheduledThreadPoolExecutor.java:304)
10.12.2025 - 03:47:18 - 	at java.base/java.util.concurrent.ThreadPoolExecutor.runWorker(ThreadPoolExecutor.java:1144)
10.12.2025 - 03:47:18 - 	at java.base/java.util.concurrent.ThreadPoolExecutor$Worker.run(ThreadPoolExecutor.java:642)
10.12.2025 - 03:47:18 - 	at java.base/java.lang.Thread.run(Thread.java:1583)
10.12.2025 - 03:47:18 - [TAB v5.3.2] Player placeholder %betterteams_name% generated an error when setting for player potatosis
10.12.2025 - 03:47:18 - java.lang.NullPointerException: Cannot invoke "com.booksaw.betterTeams.team.TeamManager.getTeam(org.bukkit.OfflinePlayer)" because "com.booksaw.betterTeams.Team.TEAMMANAGER" is null
10.12.2025 - 03:47:18 - 	at BetterTeams-4.15.2.jar//com.booksaw.betterTeams.Team.getTeam(Team.java:83)
10.12.2025 - 03:47:18 - 	at BetterTeams-4.15.2.jar//com.booksaw.betterTeams.integrations.placeholder.TeamPlaceholders.onPlaceholderRequest(TeamPlaceholders.java:80)
10.12.2025 - 03:47:18 - 	at PlaceholderAPI-2.11.7.jar//me.clip.placeholderapi.PlaceholderHook.onRequest(PlaceholderHook.java:32)
10.12.2025 - 03:47:18 - 	at PlaceholderAPI-2.11.7.jar//me.clip.placeholderapi.replacer.CharsReplacer.apply(CharsReplacer.java:119)
10.12.2025 - 03:47:18 - 	at PlaceholderAPI-2.11.7.jar//me.clip.placeholderapi.PlaceholderAPI.setPlaceholders(PlaceholderAPI.java:71)
10.12.2025 - 03:47:18 - 	at PlaceholderAPI-2.11.7.jar//me.clip.placeholderapi.PlaceholderAPI.setPlaceholders(PlaceholderAPI.java:99)
10.12.2025 - 03:47:18 - 	at TAB v5.3.2.jar//me.neznamy.tab.platforms.bukkit.platform.BukkitPlatform.lambda$registerUnknownPlaceholder$6(BukkitPlatform.java:238)
10.12.2025 - 03:47:18 - 	at TAB v5.3.2.jar//me.neznamy.tab.shared.placeholders.types.PlayerPlaceholderImpl.request(PlayerPlaceholderImpl.java:153)
10.12.2025 - 03:47:18 - 	at TAB v5.3.2.jar//me.neznamy.tab.shared.placeholders.PlaceholderRefreshTask.run(PlaceholderRefreshTask.java:59)
10.12.2025 - 03:47:18 - 	at TAB v5.3.2.jar//me.neznamy.tab.shared.features.PlaceholderManagerImpl.lambda$refresh$1(PlaceholderManagerImpl.java:93)
10.12.2025 - 03:47:18 - 	at TAB v5.3.2.jar//me.neznamy.tab.shared.cpu.TimedCaughtTask.run(TimedCaughtTask.java:28)
10.12.2025 - 03:47:18 - 	at java.base/java.util.concurrent.Executors$RunnableAdapter.call(Executors.java:572)
10.12.2025 - 03:47:18 - 	at java.base/java.util.concurrent.FutureTask.run(FutureTask.java:317)
10.12.2025 - 03:47:18 - 	at java.base/java.util.concurrent.ScheduledThreadPoolExecutor$ScheduledFutureTask.run(ScheduledThreadPoolExecutor.java:304)
10.12.2025 - 03:47:18 - 	at java.base/java.util.concurrent.ThreadPoolExecutor.runWorker(ThreadPoolExecutor.java:1144)
10.12.2025 - 03:47:18 - 	at java.base/java.util.concurrent.ThreadPoolExecutor$Worker.run(ThreadPoolExecutor.java:642)
10.12.2025 - 03:47:18 - 	at java.base/java.lang.Thread.run(Thread.java:1583)
10.12.2025 - 03:47:18 - [TAB v5.3.2] Player placeholder %betterteams_name% generated an error when setting for player dilexgame
10.12.2025 - 03:47:18 - java.lang.NullPointerException: Cannot invoke "com.booksaw.betterTeams.team.TeamManager.getTeam(org.bukkit.OfflinePlayer)" because "com.booksaw.betterTeams.Team.TEAMMANAGER" is null
10.12.2025 - 03:47:18 - 	at BetterTeams-4.15.2.jar//com.booksaw.betterTeams.Team.getTeam(Team.java:83)
10.12.2025 - 03:47:18 - 	at BetterTeams-4.15.2.jar//com.booksaw.betterTeams.integrations.placeholder.TeamPlaceholders.onPlaceholderRequest(TeamPlaceholders.java:80)
10.12.2025 - 03:47:18 - 	at PlaceholderAPI-2.11.7.jar//me.clip.placeholderapi.PlaceholderHook.onRequest(PlaceholderHook.java:32)
10.12.2025 - 03:47:18 - 	at PlaceholderAPI-2.11.7.jar//me.clip.placeholderapi.replacer.CharsReplacer.apply(CharsReplacer.java:119)
10.12.2025 - 03:47:18 - 	at PlaceholderAPI-2.11.7.jar//me.clip.placeholderapi.PlaceholderAPI.setPlaceholders(PlaceholderAPI.java:71)
10.12.2025 - 03:47:18 - 	at PlaceholderAPI-2.11.7.jar//me.clip.placeholderapi.PlaceholderAPI.setPlaceholders(PlaceholderAPI.java:99)
10.12.2025 - 03:47:18 - 	at TAB v5.3.2.jar//me.neznamy.tab.platforms.bukkit.platform.BukkitPlatform.lambda$registerUnknownPlaceholder$6(BukkitPlatform.java:238)
10.12.2025 - 03:47:18 - 	at TAB v5.3.2.jar//me.neznamy.tab.shared.placeholders.types.PlayerPlaceholderImpl.request(PlayerPlaceholderImpl.java:153)
10.12.2025 - 03:47:18 - 	at TAB v5.3.2.jar//me.neznamy.tab.shared.placeholders.PlaceholderRefreshTask.run(PlaceholderRefreshTask.java:59)
10.12.2025 - 03:47:18 - 	at TAB v5.3.2.jar//me.neznamy.tab.shared.features.PlaceholderManagerImpl.lambda$refresh$1(PlaceholderManagerImpl.java:93)
10.12.2025 - 03:47:18 - 	at TAB v5.3.2.jar//me.neznamy.tab.shared.cpu.TimedCaughtTask.run(TimedCaughtTask.java:28)
10.12.2025 - 03:47:18 - 	at java.base/java.util.concurrent.Executors$RunnableAdapter.call(Executors.java:572)
10.12.2025 - 03:47:18 - 	at java.base/java.util.concurrent.FutureTask.run(FutureTask.java:317)
10.12.2025 - 03:47:18 - 	at java.base/java.util.concurrent.ScheduledThreadPoolExecutor$ScheduledFutureTask.run(ScheduledThreadPoolExecutor.java:304)
10.12.2025 - 03:47:18 - 	at java.base/java.util.concurrent.ThreadPoolExecutor.runWorker(ThreadPoolExecutor.java:1144)
10.12.2025 - 03:47:18 - 	at java.base/java.util.concurrent.ThreadPoolExecutor$Worker.run(ThreadPoolExecutor.java:642)
10.12.2025 - 03:47:18 - 	at java.base/java.lang.Thread.run(Thread.java:1583)
10.12.2025 - 06:54:29 - [TAB v5.3.2] Player placeholder %betterteams_color% generated an error when setting for player dilexgame
10.12.2025 - 06:54:29 - java.lang.NullPointerException: Cannot invoke "com.booksaw.betterTeams.team.TeamManager.getTeam(org.bukkit.OfflinePlayer)" because "com.booksaw.betterTeams.Team.TEAMMANAGER" is null
10.12.2025 - 06:54:29 - 	at BetterTeams-4.15.2.jar//com.booksaw.betterTeams.Team.getTeam(Team.java:83)
10.12.2025 - 06:54:29 - 	at BetterTeams-4.15.2.jar//com.booksaw.betterTeams.integrations.placeholder.TeamPlaceholders.onPlaceholderRequest(TeamPlaceholders.java:80)
10.12.2025 - 06:54:29 - 	at PlaceholderAPI-2.11.7.jar//me.clip.placeholderapi.PlaceholderHook.onRequest(PlaceholderHook.java:32)
10.12.2025 - 06:54:29 - 	at PlaceholderAPI-2.11.7.jar//me.clip.placeholderapi.replacer.CharsReplacer.apply(CharsReplacer.java:119)
10.12.2025 - 06:54:29 - 	at PlaceholderAPI-2.11.7.jar//me.clip.placeholderapi.PlaceholderAPI.setPlaceholders(PlaceholderAPI.java:71)
10.12.2025 - 06:54:29 - 	at PlaceholderAPI-2.11.7.jar//me.clip.placeholderapi.PlaceholderAPI.setPlaceholders(PlaceholderAPI.java:99)
10.12.2025 - 06:54:29 - 	at TAB v5.3.2.jar//me.neznamy.tab.platforms.bukkit.platform.BukkitPlatform.lambda$registerUnknownPlaceholder$6(BukkitPlatform.java:238)
10.12.2025 - 06:54:29 - 	at TAB v5.3.2.jar//me.neznamy.tab.shared.placeholders.types.PlayerPlaceholderImpl.request(PlayerPlaceholderImpl.java:153)
10.12.2025 - 06:54:29 - 	at TAB v5.3.2.jar//me.neznamy.tab.shared.placeholders.PlaceholderRefreshTask.run(PlaceholderRefreshTask.java:59)
10.12.2025 - 06:54:29 - 	at TAB v5.3.2.jar//me.neznamy.tab.shared.features.PlaceholderManagerImpl.lambda$refresh$1(PlaceholderManagerImpl.java:93)
10.12.2025 - 06:54:29 - 	at TAB v5.3.2.jar//me.neznamy.tab.shared.cpu.TimedCaughtTask.run(TimedCaughtTask.java:28)
10.12.2025 - 06:54:29 - 	at java.base/java.util.concurrent.Executors$RunnableAdapter.call(Executors.java:572)
10.12.2025 - 06:54:29 - 	at java.base/java.util.concurrent.FutureTask.run(FutureTask.java:317)
10.12.2025 - 06:54:29 - 	at java.base/java.util.concurrent.ScheduledThreadPoolExecutor$ScheduledFutureTask.run(ScheduledThreadPoolExecutor.java:304)
10.12.2025 - 06:54:29 - 	at java.base/java.util.concurrent.ThreadPoolExecutor.runWorker(ThreadPoolExecutor.java:1144)
10.12.2025 - 06:54:29 - 	at java.base/java.util.concurrent.ThreadPoolExecutor$Worker.run(ThreadPoolExecutor.java:642)
10.12.2025 - 06:54:29 - 	at java.base/java.lang.Thread.run(Thread.java:1583)
10.12.2025 - 06:54:29 - [TAB v5.3.2] Player placeholder %betterteams_name% generated an error when setting for player dilexgame
10.12.2025 - 06:54:29 - java.lang.NullPointerException: Cannot invoke "com.booksaw.betterTeams.team.TeamManager.getTeam(org.bukkit.OfflinePlayer)" because "com.booksaw.betterTeams.Team.TEAMMANAGER" is null
10.12.2025 - 06:54:29 - 	at BetterTeams-4.15.2.jar//com.booksaw.betterTeams.Team.getTeam(Team.java:83)
10.12.2025 - 06:54:29 - 	at BetterTeams-4.15.2.jar//com.booksaw.betterTeams.integrations.placeholder.TeamPlaceholders.onPlaceholderRequest(TeamPlaceholders.java:80)
10.12.2025 - 06:54:29 - 	at PlaceholderAPI-2.11.7.jar//me.clip.placeholderapi.PlaceholderHook.onRequest(PlaceholderHook.java:32)
10.12.2025 - 06:54:29 - 	at PlaceholderAPI-2.11.7.jar//me.clip.placeholderapi.replacer.CharsReplacer.apply(CharsReplacer.java:119)
10.12.2025 - 06:54:29 - 	at PlaceholderAPI-2.11.7.jar//me.clip.placeholderapi.PlaceholderAPI.setPlaceholders(PlaceholderAPI.java:71)
10.12.2025 - 06:54:29 - 	at PlaceholderAPI-2.11.7.jar//me.clip.placeholderapi.PlaceholderAPI.setPlaceholders(PlaceholderAPI.java:99)
10.12.2025 - 06:54:29 - 	at TAB v5.3.2.jar//me.neznamy.tab.platforms.bukkit.platform.BukkitPlatform.lambda$registerUnknownPlaceholder$6(BukkitPlatform.java:238)
10.12.2025 - 06:54:29 - 	at TAB v5.3.2.jar//me.neznamy.tab.shared.placeholders.types.PlayerPlaceholderImpl.request(PlayerPlaceholderImpl.java:153)
10.12.2025 - 06:54:29 - 	at TAB v5.3.2.jar//me.neznamy.tab.shared.placeholders.PlaceholderRefreshTask.run(PlaceholderRefreshTask.java:59)
10.12.2025 - 06:54:29 - 	at TAB v5.3.2.jar//me.neznamy.tab.shared.features.PlaceholderManagerImpl.lambda$refresh$1(PlaceholderManagerImpl.java:93)
10.12.2025 - 06:54:29 - 	at TAB v5.3.2.jar//me.neznamy.tab.shared.cpu.TimedCaughtTask.run(TimedCaughtTask.java:28)
10.12.2025 - 06:54:29 - 	at java.base/java.util.concurrent.Executors$RunnableAdapter.call(Executors.java:572)
10.12.2025 - 06:54:29 - 	at java.base/java.util.concurrent.FutureTask.run(FutureTask.java:317)
10.12.2025 - 06:54:29 - 	at java.base/java.util.concurrent.ScheduledThreadPoolExecutor$ScheduledFutureTask.run(ScheduledThreadPoolExecutor.java:304)
10.12.2025 - 06:54:29 - 	at java.base/java.util.concurrent.ThreadPoolExecutor.runWorker(ThreadPoolExecutor.java:1144)
10.12.2025 - 06:54:29 - 	at java.base/java.util.concurrent.ThreadPoolExecutor$Worker.run(ThreadPoolExecutor.java:642)
10.12.2025 - 06:54:29 - 	at java.base/java.lang.Thread.run(Thread.java:1583)
10.12.2025 - 21:51:25 - [TAB v5.3.2] Player placeholder %betterteams_color% generated an error when setting for player potatosis
10.12.2025 - 21:51:25 - java.lang.NullPointerException: Cannot invoke "com.booksaw.betterTeams.team.TeamManager.getTeam(org.bukkit.OfflinePlayer)" because "com.booksaw.betterTeams.Team.TEAMMANAGER" is null
10.12.2025 - 21:51:25 - 	at BetterTeams-4.15.2.jar//com.booksaw.betterTeams.Team.getTeam(Team.java:83)
10.12.2025 - 21:51:25 - 	at BetterTeams-4.15.2.jar//com.booksaw.betterTeams.integrations.placeholder.TeamPlaceholders.onPlaceholderRequest(TeamPlaceholders.java:80)
10.12.2025 - 21:51:25 - 	at PlaceholderAPI-2.11.7.jar//me.clip.placeholderapi.PlaceholderHook.onRequest(PlaceholderHook.java:32)
10.12.2025 - 21:51:25 - 	at PlaceholderAPI-2.11.7.jar//me.clip.placeholderapi.replacer.CharsReplacer.apply(CharsReplacer.java:119)
10.12.2025 - 21:51:25 - 	at PlaceholderAPI-2.11.7.jar//me.clip.placeholderapi.PlaceholderAPI.setPlaceholders(PlaceholderAPI.java:71)
10.12.2025 - 21:51:25 - 	at PlaceholderAPI-2.11.7.jar//me.clip.placeholderapi.PlaceholderAPI.setPlaceholders(PlaceholderAPI.java:99)
10.12.2025 - 21:51:25 - 	at TAB v5.3.2.jar//me.neznamy.tab.platforms.bukkit.platform.BukkitPlatform.lambda$registerUnknownPlaceholder$6(BukkitPlatform.java:238)
10.12.2025 - 21:51:25 - 	at TAB v5.3.2.jar//me.neznamy.tab.shared.placeholders.types.PlayerPlaceholderImpl.request(PlayerPlaceholderImpl.java:153)
10.12.2025 - 21:51:25 - 	at TAB v5.3.2.jar//me.neznamy.tab.shared.placeholders.PlaceholderRefreshTask.run(PlaceholderRefreshTask.java:59)
10.12.2025 - 21:51:25 - 	at TAB v5.3.2.jar//me.neznamy.tab.shared.features.PlaceholderManagerImpl.lambda$refresh$1(PlaceholderManagerImpl.java:93)
10.12.2025 - 21:51:25 - 	at TAB v5.3.2.jar//me.neznamy.tab.shared.cpu.TimedCaughtTask.run(TimedCaughtTask.java:28)
10.12.2025 - 21:51:25 - 	at java.base/java.util.concurrent.Executors$RunnableAdapter.call(Executors.java:572)
10.12.2025 - 21:51:25 - 	at java.base/java.util.concurrent.FutureTask.run(FutureTask.java:317)
10.12.2025 - 21:51:25 - 	at java.base/java.util.concurrent.ScheduledThreadPoolExecutor$ScheduledFutureTask.run(ScheduledThreadPoolExecutor.java:304)
10.12.2025 - 21:51:25 - 	at java.base/java.util.concurrent.ThreadPoolExecutor.runWorker(ThreadPoolExecutor.java:1144)
10.12.2025 - 21:51:25 - 	at java.base/java.util.concurrent.ThreadPoolExecutor$Worker.run(ThreadPoolExecutor.java:642)
10.12.2025 - 21:51:25 - 	at java.base/java.lang.Thread.run(Thread.java:1583)
10.12.2025 - 21:51:25 - [TAB v5.3.2] Player placeholder %betterteams_name% generated an error when setting for player potatosis
10.12.2025 - 21:51:25 - java.lang.NullPointerException: Cannot invoke "com.booksaw.betterTeams.team.TeamManager.getTeam(org.bukkit.OfflinePlayer)" because "com.booksaw.betterTeams.Team.TEAMMANAGER" is null
10.12.2025 - 21:51:25 - 	at BetterTeams-4.15.2.jar//com.booksaw.betterTeams.Team.getTeam(Team.java:83)
10.12.2025 - 21:51:25 - 	at BetterTeams-4.15.2.jar//com.booksaw.betterTeams.integrations.placeholder.TeamPlaceholders.onPlaceholderRequest(TeamPlaceholders.java:80)
10.12.2025 - 21:51:25 - 	at PlaceholderAPI-2.11.7.jar//me.clip.placeholderapi.PlaceholderHook.onRequest(PlaceholderHook.java:32)
10.12.2025 - 21:51:25 - 	at PlaceholderAPI-2.11.7.jar//me.clip.placeholderapi.replacer.CharsReplacer.apply(CharsReplacer.java:119)
10.12.2025 - 21:51:25 - 	at PlaceholderAPI-2.11.7.jar//me.clip.placeholderapi.PlaceholderAPI.setPlaceholders(PlaceholderAPI.java:71)
10.12.2025 - 21:51:25 - 	at PlaceholderAPI-2.11.7.jar//me.clip.placeholderapi.PlaceholderAPI.setPlaceholders(PlaceholderAPI.java:99)
10.12.2025 - 21:51:25 - 	at TAB v5.3.2.jar//me.neznamy.tab.platforms.bukkit.platform.BukkitPlatform.lambda$registerUnknownPlaceholder$6(BukkitPlatform.java:238)
10.12.2025 - 21:51:25 - 	at TAB v5.3.2.jar//me.neznamy.tab.shared.placeholders.types.PlayerPlaceholderImpl.request(PlayerPlaceholderImpl.java:153)
10.12.2025 - 21:51:25 - 	at TAB v5.3.2.jar//me.neznamy.tab.shared.placeholders.PlaceholderRefreshTask.run(PlaceholderRefreshTask.java:59)
10.12.2025 - 21:51:25 - 	at TAB v5.3.2.jar//me.neznamy.tab.shared.features.PlaceholderManagerImpl.lambda$refresh$1(PlaceholderManagerImpl.java:93)
10.12.2025 - 21:51:25 - 	at TAB v5.3.2.jar//me.neznamy.tab.shared.cpu.TimedCaughtTask.run(TimedCaughtTask.java:28)
10.12.2025 - 21:51:25 - 	at java.base/java.util.concurrent.Executors$RunnableAdapter.call(Executors.java:572)
10.12.2025 - 21:51:25 - 	at java.base/java.util.concurrent.FutureTask.run(FutureTask.java:317)
10.12.2025 - 21:51:25 - 	at java.base/java.util.concurrent.ScheduledThreadPoolExecutor$ScheduledFutureTask.run(ScheduledThreadPoolExecutor.java:304)
10.12.2025 - 21:51:25 - 	at java.base/java.util.concurrent.ThreadPoolExecutor.runWorker(ThreadPoolExecutor.java:1144)
10.12.2025 - 21:51:25 - 	at java.base/java.util.concurrent.ThreadPoolExecutor$Worker.run(ThreadPoolExecutor.java:642)
10.12.2025 - 21:51:25 - 	at java.base/java.lang.Thread.run(Thread.java:1583)
