[00:00:10] [WorldGuard Region I/O/INFO]: [WorldGuard] Attempting to load region data that has previously failed to load...
[00:00:10] [WorldGuard Region I/O/WARN]: [WorldGuard] Region data is still failing to load, at least for the world named 'world'
[00:00:40] [WorldGuard Region I/O/INFO]: [WorldGuard] Attempting to load region data that has previously failed to load...
[00:00:40] [WorldGuard Region I/O/WARN]: [WorldGuard] Region data is still failing to load, at least for the world named 'world'
[00:01:10] [WorldGuard Region I/O/INFO]: [WorldGuard] Attempting to load region data that has previously failed to load...
[00:01:10] [WorldGuard Region I/O/WARN]: [WorldGuard] Region data is still failing to load, at least for the world named 'world'
[00:01:40] [WorldGuard Region I/O/INFO]: [WorldGuard] Attempting to load region data that has previously failed to load...
[00:01:40] [WorldGuard Region I/O/WARN]: [WorldGuard] Region data is still failing to load, at least for the world named 'world'
[00:02:10] [WorldGuard Region I/O/INFO]: [WorldGuard] Attempting to load region data that has previously failed to load...
[00:02:10] [WorldGuard Region I/O/WARN]: [WorldGuard] Region data is still failing to load, at least for the world named 'world'
[00:02:40] [WorldGuard Region I/O/INFO]: [WorldGuard] Attempting to load region data that has previously failed to load...
[00:02:40] [WorldGuard Region I/O/WARN]: [WorldGuard] Region data is still failing to load, at least for the world named 'world'
[00:03:10] [WorldGuard Region I/O/INFO]: [WorldGuard] Attempting to load region data that has previously failed to load...
[00:03:10] [WorldGuard Region I/O/WARN]: [WorldGuard] Region data is still failing to load, at least for the world named 'world'
[00:03:40] [WorldGuard Region I/O/INFO]: [WorldGuard] Attempting to load region data that has previously failed to load...
[00:03:40] [WorldGuard Region I/O/WARN]: [WorldGuard] Region data is still failing to load, at least for the world named 'world'
[00:03:42] [Thread-18/INFO]: [CBP] Checking for updates...
[00:03:55] [Craft Scheduler Thread - 202 - Vault/INFO]: [Vault] Checking for Updates ... 
[00:03:56] [Craft Scheduler Thread - 202 - Vault/INFO]: [Vault] No new version available
[00:03:58] [Craft Scheduler Thread - 203 - BeautyQuests/INFO]: [BeautyQuests] Datas saved ~ periodic save
[00:04:10] [WorldGuard Region I/O/INFO]: [WorldGuard] Attempting to load region data that has previously failed to load...
[00:04:10] [WorldGuard Region I/O/WARN]: [WorldGuard] Region data is still failing to load, at least for the world named 'world'
[00:04:40] [WorldGuard Region I/O/INFO]: [WorldGuard] Attempting to load region data that has previously failed to load...
[00:04:40] [WorldGuard Region I/O/WARN]: [WorldGuard] Region data is still failing to load, at least for the world named 'world'
[00:05:10] [WorldGuard Region I/O/INFO]: [WorldGuard] Attempting to load region data that has previously failed to load...
[00:05:10] [WorldGuard Region I/O/WARN]: [WorldGuard] Region data is still failing to load, at least for the world named 'world'
[00:05:40] [WorldGuard Region I/O/INFO]: [WorldGuard] Attempting to load region data that has previously failed to load...
[00:05:40] [WorldGuard Region I/O/WARN]: [WorldGuard] Region data is still failing to load, at least for the world named 'world'
[00:06:10] [WorldGuard Region I/O/INFO]: [WorldGuard] Attempting to load region data that has previously failed to load...
[00:06:10] [WorldGuard Region I/O/WARN]: [WorldGuard] Region data is still failing to load, at least for the world named 'world'
[00:06:40] [WorldGuard Region I/O/INFO]: [WorldGuard] Attempting to load region data that has previously failed to load...
[00:06:40] [WorldGuard Region I/O/WARN]: [WorldGuard] Region data is still failing to load, at least for the world named 'world'
[00:07:10] [WorldGuard Region I/O/INFO]: [WorldGuard] Attempting to load region data that has previously failed to load...
[00:07:10] [WorldGuard Region I/O/WARN]: [WorldGuard] Region data is still failing to load, at least for the world named 'world'
[00:07:40] [WorldGuard Region I/O/INFO]: [WorldGuard] Attempting to load region data that has previously failed to load...
[00:07:40] [WorldGuard Region I/O/WARN]: [WorldGuard] Region data is still failing to load, at least for the world named 'world'
